apps/v1/Deployment udm2-clustermonitoragent                                   
    [CRITICAL] Container Security Context User Group ID
        路 ztsclustermonitoragent -> The container is running with a low user ID
            A userid above 10 000 is recommended to avoid conflicts with the host. Set securityContext.runAsUser to a value > 10000
        路 ztsclustermonitoragent -> The container running with a low group ID
            A groupid above 10 000 is recommended to avoid conflicts with the host. Set securityContext.runAsGroup to a value > 10000
        路 fluent-bit -> The container is running with a low user ID
            A userid above 10 000 is recommended to avoid conflicts with the host. Set securityContext.runAsUser to a value > 10000
        路 fluent-bit -> The container running with a low group ID
            A groupid above 10 000 is recommended to avoid conflicts with the host. Set securityContext.runAsGroup to a value > 10000
        路 udmenvoy -> The container is running with a low user ID
            A userid above 10 000 is recommended to avoid conflicts with the host. Set securityContext.runAsUser to a value > 10000
        路 udmenvoy -> The container running with a low group ID
            A groupid above 10 000 is recommended to avoid conflicts with the host. Set securityContext.runAsGroup to a value > 10000
    [CRITICAL] Container Security Context ReadOnlyRootFilesystem
        路 ztsclustermonitoragent -> Container has no configured security context
            Set securityContext to run the container in a more secure context.
        路 fluent-bit -> Container has no configured security context
            Set securityContext to run the container in a more secure context.
        路 udmenvoy -> Container has no configured security context
            Set securityContext to run the container in a more secure context.
    [CRITICAL] Container Image Pull Policy
        路 ztsclustermonitoragent -> ImagePullPolicy is not set to Always
            It's recommended to always set the ImagePullPolicy to Always, to make sure that the imagePullSecrets are always correct, and to always get the image you want.
        路 fluent-bit -> ImagePullPolicy is not set to Always
            It's recommended to always set the ImagePullPolicy to Always, to make sure that the imagePullSecrets are always correct, and to always get the image you want.
        路 udmenvoy -> ImagePullPolicy is not set to Always
            It's recommended to always set the ImagePullPolicy to Always, to make sure that the imagePullSecrets are always correct, and to always get the image you want.
    [CRITICAL] Container Ephemeral Storage Request and Limit
        路 ztsclustermonitoragent -> Ephemeral Storage limit is not set
            Resource limits are recommended to avoid resource DDOS. Set resources.limits.ephemeral-storage
        路 fluent-bit -> Ephemeral Storage limit is not set
            Resource limits are recommended to avoid resource DDOS. Set resources.limits.ephemeral-storage
        路 udmenvoy -> Ephemeral Storage limit is not set
            Resource limits are recommended to avoid resource DDOS. Set resources.limits.ephemeral-storage
    [CRITICAL] Pod NetworkPolicy
        路 The pod does not have a matching NetworkPolicy
            Create a NetworkPolicy that targets this pod to control who/what can communicate with this pod. Note, this feature needs to be supported by the CNI implementation used in the Kubernetes cluster to have an effect.
apps/v1/Deployment udm2-http2lb                                               
    [CRITICAL] Container Ephemeral Storage Request and Limit
        路 http2lb-servicereginit -> Ephemeral Storage limit is not set
            Resource limits are recommended to avoid resource DDOS. Set resources.limits.ephemeral-storage
        路 http2lb-http2lb -> Ephemeral Storage limit is not set
            Resource limits are recommended to avoid resource DDOS. Set resources.limits.ephemeral-storage
        路 udmenvoy -> Ephemeral Storage limit is not set
            Resource limits are recommended to avoid resource DDOS. Set resources.limits.ephemeral-storage
        路 fluent-bit -> Ephemeral Storage limit is not set
            Resource limits are recommended to avoid resource DDOS. Set resources.limits.ephemeral-storage
        路 http2lb-mcc -> Ephemeral Storage limit is not set
            Resource limits are recommended to avoid resource DDOS. Set resources.limits.ephemeral-storage
        路 http2lb-mgmt -> Ephemeral Storage limit is not set
            Resource limits are recommended to avoid resource DDOS. Set resources.limits.ephemeral-storage
        路 http2lb-admin -> Ephemeral Storage limit is not set
            Resource limits are recommended to avoid resource DDOS. Set resources.limits.ephemeral-storage
    [CRITICAL] Pod NetworkPolicy
        路 The pod does not have a matching NetworkPolicy
            Create a NetworkPolicy that targets this pod to control who/what can communicate with this pod. Note, this feature needs to be supported by the CNI implementation used in the Kubernetes cluster to have an effect.
    [CRITICAL] Container Image Pull Policy
        路 http2lb-servicereginit -> ImagePullPolicy is not set to Always
            It's recommended to always set the ImagePullPolicy to Always, to make sure that the imagePullSecrets are always correct, and to always get the image you want.
        路 http2lb-http2lb -> ImagePullPolicy is not set to Always
            It's recommended to always set the ImagePullPolicy to Always, to make sure that the imagePullSecrets are always correct, and to always get the image you want.
        路 udmenvoy -> ImagePullPolicy is not set to Always
            It's recommended to always set the ImagePullPolicy to Always, to make sure that the imagePullSecrets are always correct, and to always get the image you want.
        路 fluent-bit -> ImagePullPolicy is not set to Always
            It's recommended to always set the ImagePullPolicy to Always, to make sure that the imagePullSecrets are always correct, and to always get the image you want.
        路 http2lb-mcc -> ImagePullPolicy is not set to Always
            It's recommended to always set the ImagePullPolicy to Always, to make sure that the imagePullSecrets are always correct, and to always get the image you want.
        路 http2lb-mgmt -> ImagePullPolicy is not set to Always
            It's recommended to always set the ImagePullPolicy to Always, to make sure that the imagePullSecrets are always correct, and to always get the image you want.
        路 http2lb-admin -> ImagePullPolicy is not set to Always
            It's recommended to always set the ImagePullPolicy to Always, to make sure that the imagePullSecrets are always correct, and to always get the image you want.
    [CRITICAL] Container Security Context User Group ID
        路 http2lb-servicereginit -> The container is running with a low user ID
            A userid above 10 000 is recommended to avoid conflicts with the host. Set securityContext.runAsUser to a value > 10000
        路 http2lb-servicereginit -> The container running with a low group ID
            A groupid above 10 000 is recommended to avoid conflicts with the host. Set securityContext.runAsGroup to a value > 10000
        路 http2lb-http2lb -> The container is running with a low user ID
            A userid above 10 000 is recommended to avoid conflicts with the host. Set securityContext.runAsUser to a value > 10000
        路 http2lb-http2lb -> The container running with a low group ID
            A groupid above 10 000 is recommended to avoid conflicts with the host. Set securityContext.runAsGroup to a value > 10000
        路 udmenvoy -> The container is running with a low user ID
            A userid above 10 000 is recommended to avoid conflicts with the host. Set securityContext.runAsUser to a value > 10000
        路 udmenvoy -> The container running with a low group ID
            A groupid above 10 000 is recommended to avoid conflicts with the host. Set securityContext.runAsGroup to a value > 10000
        路 fluent-bit -> The container is running with a low user ID
            A userid above 10 000 is recommended to avoid conflicts with the host. Set securityContext.runAsUser to a value > 10000
        路 fluent-bit -> The container running with a low group ID
            A groupid above 10 000 is recommended to avoid conflicts with the host. Set securityContext.runAsGroup to a value > 10000
        路 http2lb-mcc -> The container is running with a low user ID
            A userid above 10 000 is recommended to avoid conflicts with the host. Set securityContext.runAsUser to a value > 10000
        路 http2lb-mcc -> The container running with a low group ID
            A groupid above 10 000 is recommended to avoid conflicts with the host. Set securityContext.runAsGroup to a value > 10000
        路 http2lb-mgmt -> The container is running with a low user ID
            A userid above 10 000 is recommended to avoid conflicts with the host. Set securityContext.runAsUser to a value > 10000
        路 http2lb-mgmt -> The container running with a low group ID
            A groupid above 10 000 is recommended to avoid conflicts with the host. Set securityContext.runAsGroup to a value > 10000
        路 http2lb-admin -> The container is running with a low user ID
            A userid above 10 000 is recommended to avoid conflicts with the host. Set securityContext.runAsUser to a value > 10000
        路 http2lb-admin -> The container running with a low group ID
            A groupid above 10 000 is recommended to avoid conflicts with the host. Set securityContext.runAsGroup to a value > 10000
    [CRITICAL] Container Security Context ReadOnlyRootFilesystem
        路 http2lb-servicereginit -> Container has no configured security context
            Set securityContext to run the container in a more secure context.
        路 http2lb-http2lb -> Container has no configured security context
            Set securityContext to run the container in a more secure context.
        路 udmenvoy -> Container has no configured security context
            Set securityContext to run the container in a more secure context.
        路 fluent-bit -> Container has no configured security context
            Set securityContext to run the container in a more secure context.
        路 http2lb-mcc -> Container has no configured security context
            Set securityContext to run the container in a more secure context.
        路 http2lb-mgmt -> Container has no configured security context
            Set securityContext to run the container in a more secure context.
        路 http2lb-admin -> Container has no configured security context
            Set securityContext to run the container in a more secure context.
    [OK] Pod Probes
        路 Container is missing a livenessProbe
            A livenessProbe can be used to restart the container if it's deadlocked or has crashed without exiting. It's only recommended to setup a livenessProbe if you really need one.
            More information: https://github.com/zegl/kube-score/blob/master/README_PROBES.md
apps/v1/Deployment udm2-ausfauth in udm2                                      
    [CRITICAL] Container Security Context User Group ID
        路 fluent-bit -> The container is running with a low user ID
            A userid above 10 000 is recommended to avoid conflicts with the host. Set securityContext.runAsUser to a value > 10000
        路 fluent-bit -> The container running with a low group ID
            A groupid above 10 000 is recommended to avoid conflicts with the host. Set securityContext.runAsGroup to a value > 10000
        路 ueauthn-mcc -> The container is running with a low user ID
            A userid above 10 000 is recommended to avoid conflicts with the host. Set securityContext.runAsUser to a value > 10000
        路 ueauthn-mcc -> The container running with a low group ID
            A groupid above 10 000 is recommended to avoid conflicts with the host. Set securityContext.runAsGroup to a value > 10000
        路 ueauth-cip -> The container is running with a low user ID
            A userid above 10 000 is recommended to avoid conflicts with the host. Set securityContext.runAsUser to a value > 10000
        路 ueauth-cip -> The container running with a low group ID
            A groupid above 10 000 is recommended to avoid conflicts with the host. Set securityContext.runAsGroup to a value > 10000
        路 ueauth-ueauth -> The container is running with a low user ID
            A userid above 10 000 is recommended to avoid conflicts with the host. Set securityContext.runAsUser to a value > 10000
        路 ueauth-ueauth -> The container running with a low group ID
            A groupid above 10 000 is recommended to avoid conflicts with the host. Set securityContext.runAsGroup to a value > 10000
        路 ueauthn-h2p -> The container is running with a low user ID
            A userid above 10 000 is recommended to avoid conflicts with the host. Set securityContext.runAsUser to a value > 10000
        路 ueauthn-h2p -> The container running with a low group ID
            A groupid above 10 000 is recommended to avoid conflicts with the host. Set securityContext.runAsGroup to a value > 10000
        路 udmenvoy -> The container is running with a low user ID
            A userid above 10 000 is recommended to avoid conflicts with the host. Set securityContext.runAsUser to a value > 10000
        路 udmenvoy -> The container running with a low group ID
            A groupid above 10 000 is recommended to avoid conflicts with the host. Set securityContext.runAsGroup to a value > 10000
        路 ueauthn-admin -> The container is running with a low user ID
            A userid above 10 000 is recommended to avoid conflicts with the host. Set securityContext.runAsUser to a value > 10000
        路 ueauthn-admin -> The container running with a low group ID
            A groupid above 10 000 is recommended to avoid conflicts with the host. Set securityContext.runAsGroup to a value > 10000
    [CRITICAL] Container Security Context ReadOnlyRootFilesystem
        路 fluent-bit -> Container has no configured security context
            Set securityContext to run the container in a more secure context.
        路 ueauthn-mcc -> Container has no configured security context
            Set securityContext to run the container in a more secure context.
        路 udmenvoy -> Container has no configured security context
            Set securityContext to run the container in a more secure context.
        路 ueauthn-admin -> Container has no configured security context
            Set securityContext to run the container in a more secure context.
    [CRITICAL] Container Image Pull Policy
        路 fluent-bit -> ImagePullPolicy is not set to Always
            It's recommended to always set the ImagePullPolicy to Always, to make sure that the imagePullSecrets are always correct, and to always get the image you want.
        路 ueauthn-mcc -> ImagePullPolicy is not set to Always
            It's recommended to always set the ImagePullPolicy to Always, to make sure that the imagePullSecrets are always correct, and to always get the image you want.
        路 ueauth-cip -> ImagePullPolicy is not set to Always
            It's recommended to always set the ImagePullPolicy to Always, to make sure that the imagePullSecrets are always correct, and to always get the image you want.
        路 ueauth-ueauth -> ImagePullPolicy is not set to Always
            It's recommended to always set the ImagePullPolicy to Always, to make sure that the imagePullSecrets are always correct, and to always get the image you want.
        路 ueauthn-h2p -> ImagePullPolicy is not set to Always
            It's recommended to always set the ImagePullPolicy to Always, to make sure that the imagePullSecrets are always correct, and to always get the image you want.
        路 udmenvoy -> ImagePullPolicy is not set to Always
            It's recommended to always set the ImagePullPolicy to Always, to make sure that the imagePullSecrets are always correct, and to always get the image you want.
        路 ueauthn-admin -> ImagePullPolicy is not set to Always
            It's recommended to always set the ImagePullPolicy to Always, to make sure that the imagePullSecrets are always correct, and to always get the image you want.
    [CRITICAL] Container Ephemeral Storage Request and Limit
        路 fluent-bit -> Ephemeral Storage limit is not set
            Resource limits are recommended to avoid resource DDOS. Set resources.limits.ephemeral-storage
        路 ueauthn-mcc -> Ephemeral Storage limit is not set
            Resource limits are recommended to avoid resource DDOS. Set resources.limits.ephemeral-storage
        路 ueauth-cip -> Ephemeral Storage limit is not set
            Resource limits are recommended to avoid resource DDOS. Set resources.limits.ephemeral-storage
        路 ueauth-ueauth -> Ephemeral Storage limit is not set
            Resource limits are recommended to avoid resource DDOS. Set resources.limits.ephemeral-storage
        路 ueauthn-h2p -> Ephemeral Storage limit is not set
            Resource limits are recommended to avoid resource DDOS. Set resources.limits.ephemeral-storage
        路 udmenvoy -> Ephemeral Storage limit is not set
            Resource limits are recommended to avoid resource DDOS. Set resources.limits.ephemeral-storage
        路 ueauthn-admin -> Ephemeral Storage limit is not set
            Resource limits are recommended to avoid resource DDOS. Set resources.limits.ephemeral-storage
    [CRITICAL] Pod NetworkPolicy
        路 The pod does not have a matching NetworkPolicy
            Create a NetworkPolicy that targets this pod to control who/what can communicate with this pod. Note, this feature needs to be supported by the CNI implementation used in the Kubernetes cluster to have an effect.
apps/v1/Deployment udm2-udmarpf in udm2                                       
    [CRITICAL] Pod NetworkPolicy
        路 The pod does not have a matching NetworkPolicy
            Create a NetworkPolicy that targets this pod to control who/what can communicate with this pod. Note, this feature needs to be supported by the CNI implementation used in the Kubernetes cluster to have an effect.
    [CRITICAL] Container Image Pull Policy
        路 softac -> ImagePullPolicy is not set to Always
            It's recommended to always set the ImagePullPolicy to Always, to make sure that the imagePullSecrets are always correct, and to always get the image you want.
        路 fluent-bit -> ImagePullPolicy is not set to Always
            It's recommended to always set the ImagePullPolicy to Always, to make sure that the imagePullSecrets are always correct, and to always get the image you want.
        路 arpf-mcc -> ImagePullPolicy is not set to Always
            It's recommended to always set the ImagePullPolicy to Always, to make sure that the imagePullSecrets are always correct, and to always get the image you want.
        路 arpf-cip -> ImagePullPolicy is not set to Always
            It's recommended to always set the ImagePullPolicy to Always, to make sure that the imagePullSecrets are always correct, and to always get the image you want.
        路 arpf-arpf -> ImagePullPolicy is not set to Always
            It's recommended to always set the ImagePullPolicy to Always, to make sure that the imagePullSecrets are always correct, and to always get the image you want.
        路 udmenvoy -> ImagePullPolicy is not set to Always
            It's recommended to always set the ImagePullPolicy to Always, to make sure that the imagePullSecrets are always correct, and to always get the image you want.
        路 arpf-admin -> ImagePullPolicy is not set to Always
            It's recommended to always set the ImagePullPolicy to Always, to make sure that the imagePullSecrets are always correct, and to always get the image you want.
    [CRITICAL] Container Ephemeral Storage Request and Limit
        路 softac -> Ephemeral Storage limit is not set
            Resource limits are recommended to avoid resource DDOS. Set resources.limits.ephemeral-storage
        路 fluent-bit -> Ephemeral Storage limit is not set
            Resource limits are recommended to avoid resource DDOS. Set resources.limits.ephemeral-storage
        路 arpf-mcc -> Ephemeral Storage limit is not set
            Resource limits are recommended to avoid resource DDOS. Set resources.limits.ephemeral-storage
        路 arpf-cip -> Ephemeral Storage limit is not set
            Resource limits are recommended to avoid resource DDOS. Set resources.limits.ephemeral-storage
        路 arpf-arpf -> Ephemeral Storage limit is not set
            Resource limits are recommended to avoid resource DDOS. Set resources.limits.ephemeral-storage
        路 udmenvoy -> Ephemeral Storage limit is not set
            Resource limits are recommended to avoid resource DDOS. Set resources.limits.ephemeral-storage
        路 arpf-admin -> Ephemeral Storage limit is not set
            Resource limits are recommended to avoid resource DDOS. Set resources.limits.ephemeral-storage
    [CRITICAL] Container Security Context ReadOnlyRootFilesystem
        路 softac -> Container has no configured security context
            Set securityContext to run the container in a more secure context.
        路 fluent-bit -> Container has no configured security context
            Set securityContext to run the container in a more secure context.
        路 arpf-mcc -> Container has no configured security context
            Set securityContext to run the container in a more secure context.
        路 arpf-cip -> Container has no configured security context
            Set securityContext to run the container in a more secure context.
        路 arpf-arpf -> Container has no configured security context
            Set securityContext to run the container in a more secure context.
        路 udmenvoy -> Container has no configured security context
            Set securityContext to run the container in a more secure context.
        路 arpf-admin -> Container has no configured security context
            Set securityContext to run the container in a more secure context.
    [OK] Pod Probes
        路 Container is missing a livenessProbe
            A livenessProbe can be used to restart the container if it's deadlocked or has crashed without exiting. It's only recommended to setup a livenessProbe if you really need one.
            More information: https://github.com/zegl/kube-score/blob/master/README_PROBES.md
    [CRITICAL] Container Security Context User Group ID
        路 softac -> The container is running with a low user ID
            A userid above 10 000 is recommended to avoid conflicts with the host. Set securityContext.runAsUser to a value > 10000
        路 softac -> The container running with a low group ID
            A groupid above 10 000 is recommended to avoid conflicts with the host. Set securityContext.runAsGroup to a value > 10000
        路 fluent-bit -> The container is running with a low user ID
            A userid above 10 000 is recommended to avoid conflicts with the host. Set securityContext.runAsUser to a value > 10000
        路 fluent-bit -> The container running with a low group ID
            A groupid above 10 000 is recommended to avoid conflicts with the host. Set securityContext.runAsGroup to a value > 10000
        路 arpf-mcc -> The container is running with a low user ID
            A userid above 10 000 is recommended to avoid conflicts with the host. Set securityContext.runAsUser to a value > 10000
        路 arpf-mcc -> The container running with a low group ID
            A groupid above 10 000 is recommended to avoid conflicts with the host. Set securityContext.runAsGroup to a value > 10000
        路 arpf-cip -> The container is running with a low user ID
            A userid above 10 000 is recommended to avoid conflicts with the host. Set securityContext.runAsUser to a value > 10000
        路 arpf-cip -> The container running with a low group ID
            A groupid above 10 000 is recommended to avoid conflicts with the host. Set securityContext.runAsGroup to a value > 10000
        路 arpf-arpf -> The container is running with a low user ID
            A userid above 10 000 is recommended to avoid conflicts with the host. Set securityContext.runAsUser to a value > 10000
        路 arpf-arpf -> The container running with a low group ID
            A groupid above 10 000 is recommended to avoid conflicts with the host. Set securityContext.runAsGroup to a value > 10000
        路 udmenvoy -> The container is running with a low user ID
            A userid above 10 000 is recommended to avoid conflicts with the host. Set securityContext.runAsUser to a value > 10000
        路 udmenvoy -> The container running with a low group ID
            A groupid above 10 000 is recommended to avoid conflicts with the host. Set securityContext.runAsGroup to a value > 10000
        路 arpf-admin -> The container is running with a low user ID
            A userid above 10 000 is recommended to avoid conflicts with the host. Set securityContext.runAsUser to a value > 10000
        路 arpf-admin -> The container running with a low group ID
            A groupid above 10 000 is recommended to avoid conflicts with the host. Set securityContext.runAsGroup to a value > 10000
    [CRITICAL] Deployment has PodDisruptionBudget
        路 No matching PodDisruptionBudget was found
            It's recommended to define a PodDisruptionBudget to avoid unexpected downtime during Kubernetes maintenance operations, such as when draining a node.
apps/v1/Deployment udm2-udmee in udm2                                         
    [CRITICAL] Container Security Context User Group ID
        路 fluent-bit -> The container is running with a low user ID
            A userid above 10 000 is recommended to avoid conflicts with the host. Set securityContext.runAsUser to a value > 10000
        路 fluent-bit -> The container running with a low group ID
            A groupid above 10 000 is recommended to avoid conflicts with the host. Set securityContext.runAsGroup to a value > 10000
        路 ee-mcc -> The container is running with a low user ID
            A userid above 10 000 is recommended to avoid conflicts with the host. Set securityContext.runAsUser to a value > 10000
        路 ee-mcc -> The container running with a low group ID
            A groupid above 10 000 is recommended to avoid conflicts with the host. Set securityContext.runAsGroup to a value > 10000
        路 ee-cip -> The container is running with a low user ID
            A userid above 10 000 is recommended to avoid conflicts with the host. Set securityContext.runAsUser to a value > 10000
        路 ee-cip -> The container running with a low group ID
            A groupid above 10 000 is recommended to avoid conflicts with the host. Set securityContext.runAsGroup to a value > 10000
        路 ee-ee -> The container is running with a low user ID
            A userid above 10 000 is recommended to avoid conflicts with the host. Set securityContext.runAsUser to a value > 10000
        路 ee-ee -> The container running with a low group ID
            A groupid above 10 000 is recommended to avoid conflicts with the host. Set securityContext.runAsGroup to a value > 10000
        路 ee-h2p -> The container is running with a low user ID
            A userid above 10 000 is recommended to avoid conflicts with the host. Set securityContext.runAsUser to a value > 10000
        路 ee-h2p -> The container running with a low group ID
            A groupid above 10 000 is recommended to avoid conflicts with the host. Set securityContext.runAsGroup to a value > 10000
        路 udmenvoy -> The container is running with a low user ID
            A userid above 10 000 is recommended to avoid conflicts with the host. Set securityContext.runAsUser to a value > 10000
        路 udmenvoy -> The container running with a low group ID
            A groupid above 10 000 is recommended to avoid conflicts with the host. Set securityContext.runAsGroup to a value > 10000
        路 ee-admin -> The container is running with a low user ID
            A userid above 10 000 is recommended to avoid conflicts with the host. Set securityContext.runAsUser to a value > 10000
        路 ee-admin -> The container running with a low group ID
            A groupid above 10 000 is recommended to avoid conflicts with the host. Set securityContext.runAsGroup to a value > 10000
    [CRITICAL] Container Security Context ReadOnlyRootFilesystem
        路 fluent-bit -> Container has no configured security context
            Set securityContext to run the container in a more secure context.
        路 ee-mcc -> Container has no configured security context
            Set securityContext to run the container in a more secure context.
        路 udmenvoy -> Container has no configured security context
            Set securityContext to run the container in a more secure context.
        路 ee-admin -> Container has no configured security context
            Set securityContext to run the container in a more secure context.
    [CRITICAL] Container Image Pull Policy
        路 fluent-bit -> ImagePullPolicy is not set to Always
            It's recommended to always set the ImagePullPolicy to Always, to make sure that the imagePullSecrets are always correct, and to always get the image you want.
        路 ee-mcc -> ImagePullPolicy is not set to Always
            It's recommended to always set the ImagePullPolicy to Always, to make sure that the imagePullSecrets are always correct, and to always get the image you want.
        路 ee-cip -> ImagePullPolicy is not set to Always
            It's recommended to always set the ImagePullPolicy to Always, to make sure that the imagePullSecrets are always correct, and to always get the image you want.
        路 ee-ee -> ImagePullPolicy is not set to Always
            It's recommended to always set the ImagePullPolicy to Always, to make sure that the imagePullSecrets are always correct, and to always get the image you want.
        路 ee-h2p -> ImagePullPolicy is not set to Always
            It's recommended to always set the ImagePullPolicy to Always, to make sure that the imagePullSecrets are always correct, and to always get the image you want.
        路 udmenvoy -> ImagePullPolicy is not set to Always
            It's recommended to always set the ImagePullPolicy to Always, to make sure that the imagePullSecrets are always correct, and to always get the image you want.
        路 ee-admin -> ImagePullPolicy is not set to Always
            It's recommended to always set the ImagePullPolicy to Always, to make sure that the imagePullSecrets are always correct, and to always get the image you want.
    [CRITICAL] Container Ephemeral Storage Request and Limit
        路 fluent-bit -> Ephemeral Storage limit is not set
            Resource limits are recommended to avoid resource DDOS. Set resources.limits.ephemeral-storage
        路 ee-mcc -> Ephemeral Storage limit is not set
            Resource limits are recommended to avoid resource DDOS. Set resources.limits.ephemeral-storage
        路 ee-cip -> Ephemeral Storage limit is not set
            Resource limits are recommended to avoid resource DDOS. Set resources.limits.ephemeral-storage
        路 ee-ee -> Ephemeral Storage limit is not set
            Resource limits are recommended to avoid resource DDOS. Set resources.limits.ephemeral-storage
        路 ee-h2p -> Ephemeral Storage limit is not set
            Resource limits are recommended to avoid resource DDOS. Set resources.limits.ephemeral-storage
        路 udmenvoy -> Ephemeral Storage limit is not set
            Resource limits are recommended to avoid resource DDOS. Set resources.limits.ephemeral-storage
        路 ee-admin -> Ephemeral Storage limit is not set
            Resource limits are recommended to avoid resource DDOS. Set resources.limits.ephemeral-storage
    [CRITICAL] Pod NetworkPolicy
        路 The pod does not have a matching NetworkPolicy
            Create a NetworkPolicy that targets this pod to control who/what can communicate with this pod. Note, this feature needs to be supported by the CNI implementation used in the Kubernetes cluster to have an effect.
apps/v1/Deployment udm2-udmmt in udm2                                         
    [CRITICAL] Container Image Pull Policy
        路 fluent-bit -> ImagePullPolicy is not set to Always
            It's recommended to always set the ImagePullPolicy to Always, to make sure that the imagePullSecrets are always correct, and to always get the image you want.
        路 mt-mcc -> ImagePullPolicy is not set to Always
            It's recommended to always set the ImagePullPolicy to Always, to make sure that the imagePullSecrets are always correct, and to always get the image you want.
        路 mt-cip -> ImagePullPolicy is not set to Always
            It's recommended to always set the ImagePullPolicy to Always, to make sure that the imagePullSecrets are always correct, and to always get the image you want.
        路 mt-mt -> ImagePullPolicy is not set to Always
            It's recommended to always set the ImagePullPolicy to Always, to make sure that the imagePullSecrets are always correct, and to always get the image you want.
        路 udmenvoy -> ImagePullPolicy is not set to Always
            It's recommended to always set the ImagePullPolicy to Always, to make sure that the imagePullSecrets are always correct, and to always get the image you want.
        路 mt-admin -> ImagePullPolicy is not set to Always
            It's recommended to always set the ImagePullPolicy to Always, to make sure that the imagePullSecrets are always correct, and to always get the image you want.
    [CRITICAL] Container Ephemeral Storage Request and Limit
        路 fluent-bit -> Ephemeral Storage limit is not set
            Resource limits are recommended to avoid resource DDOS. Set resources.limits.ephemeral-storage
        路 mt-mcc -> Ephemeral Storage limit is not set
            Resource limits are recommended to avoid resource DDOS. Set resources.limits.ephemeral-storage
        路 mt-cip -> Ephemeral Storage limit is not set
            Resource limits are recommended to avoid resource DDOS. Set resources.limits.ephemeral-storage
        路 mt-mt -> Ephemeral Storage limit is not set
            Resource limits are recommended to avoid resource DDOS. Set resources.limits.ephemeral-storage
        路 udmenvoy -> Ephemeral Storage limit is not set
            Resource limits are recommended to avoid resource DDOS. Set resources.limits.ephemeral-storage
        路 mt-admin -> Ephemeral Storage limit is not set
            Resource limits are recommended to avoid resource DDOS. Set resources.limits.ephemeral-storage
    [CRITICAL] Pod NetworkPolicy
        路 The pod does not have a matching NetworkPolicy
            Create a NetworkPolicy that targets this pod to control who/what can communicate with this pod. Note, this feature needs to be supported by the CNI implementation used in the Kubernetes cluster to have an effect.
    [OK] Pod Probes
        路 Container is missing a livenessProbe
            A livenessProbe can be used to restart the container if it's deadlocked or has crashed without exiting. It's only recommended to setup a livenessProbe if you really need one.
            More information: https://github.com/zegl/kube-score/blob/master/README_PROBES.md
    [CRITICAL] Container Security Context User Group ID
        路 fluent-bit -> The container is running with a low user ID
            A userid above 10 000 is recommended to avoid conflicts with the host. Set securityContext.runAsUser to a value > 10000
        路 fluent-bit -> The container running with a low group ID
            A groupid above 10 000 is recommended to avoid conflicts with the host. Set securityContext.runAsGroup to a value > 10000
        路 mt-mcc -> The container is running with a low user ID
            A userid above 10 000 is recommended to avoid conflicts with the host. Set securityContext.runAsUser to a value > 10000
        路 mt-mcc -> The container running with a low group ID
            A groupid above 10 000 is recommended to avoid conflicts with the host. Set securityContext.runAsGroup to a value > 10000
        路 mt-cip -> The container is running with a low user ID
            A userid above 10 000 is recommended to avoid conflicts with the host. Set securityContext.runAsUser to a value > 10000
        路 mt-cip -> The container running with a low group ID
            A groupid above 10 000 is recommended to avoid conflicts with the host. Set securityContext.runAsGroup to a value > 10000
        路 mt-mt -> The container is running with a low user ID
            A userid above 10 000 is recommended to avoid conflicts with the host. Set securityContext.runAsUser to a value > 10000
        路 mt-mt -> The container running with a low group ID
            A groupid above 10 000 is recommended to avoid conflicts with the host. Set securityContext.runAsGroup to a value > 10000
        路 udmenvoy -> The container is running with a low user ID
            A userid above 10 000 is recommended to avoid conflicts with the host. Set securityContext.runAsUser to a value > 10000
        路 udmenvoy -> The container running with a low group ID
            A groupid above 10 000 is recommended to avoid conflicts with the host. Set securityContext.runAsGroup to a value > 10000
        路 mt-admin -> The container is running with a low user ID
            A userid above 10 000 is recommended to avoid conflicts with the host. Set securityContext.runAsUser to a value > 10000
        路 mt-admin -> The container running with a low group ID
            A groupid above 10 000 is recommended to avoid conflicts with the host. Set securityContext.runAsGroup to a value > 10000
    [CRITICAL] Container Security Context ReadOnlyRootFilesystem
        路 fluent-bit -> Container has no configured security context
            Set securityContext to run the container in a more secure context.
        路 mt-mcc -> Container has no configured security context
            Set securityContext to run the container in a more secure context.
        路 mt-cip -> Container has no configured security context
            Set securityContext to run the container in a more secure context.
        路 mt-mt -> Container has no configured security context
            Set securityContext to run the container in a more secure context.
        路 udmenvoy -> Container has no configured security context
            Set securityContext to run the container in a more secure context.
        路 mt-admin -> Container has no configured security context
            Set securityContext to run the container in a more secure context.
apps/v1/Deployment udm2-udmnim in udm2                                        
    [CRITICAL] Pod NetworkPolicy
        路 The pod does not have a matching NetworkPolicy
            Create a NetworkPolicy that targets this pod to control who/what can communicate with this pod. Note, this feature needs to be supported by the CNI implementation used in the Kubernetes cluster to have an effect.
    [CRITICAL] Container Image Pull Policy
        路 fluent-bit -> ImagePullPolicy is not set to Always
            It's recommended to always set the ImagePullPolicy to Always, to make sure that the imagePullSecrets are always correct, and to always get the image you want.
        路 nim-mcc -> ImagePullPolicy is not set to Always
            It's recommended to always set the ImagePullPolicy to Always, to make sure that the imagePullSecrets are always correct, and to always get the image you want.
        路 nim-cip -> ImagePullPolicy is not set to Always
            It's recommended to always set the ImagePullPolicy to Always, to make sure that the imagePullSecrets are always correct, and to always get the image you want.
        路 nim-nim -> ImagePullPolicy is not set to Always
            It's recommended to always set the ImagePullPolicy to Always, to make sure that the imagePullSecrets are always correct, and to always get the image you want.
        路 nim-h2p -> ImagePullPolicy is not set to Always
            It's recommended to always set the ImagePullPolicy to Always, to make sure that the imagePullSecrets are always correct, and to always get the image you want.
        路 udmenvoy -> ImagePullPolicy is not set to Always
            It's recommended to always set the ImagePullPolicy to Always, to make sure that the imagePullSecrets are always correct, and to always get the image you want.
        路 nim-admin -> ImagePullPolicy is not set to Always
            It's recommended to always set the ImagePullPolicy to Always, to make sure that the imagePullSecrets are always correct, and to always get the image you want.
        路 leader-elector -> ImagePullPolicy is not set to Always
            It's recommended to always set the ImagePullPolicy to Always, to make sure that the imagePullSecrets are always correct, and to always get the image you want.
    [CRITICAL] Container Ephemeral Storage Request and Limit
        路 fluent-bit -> Ephemeral Storage limit is not set
            Resource limits are recommended to avoid resource DDOS. Set resources.limits.ephemeral-storage
        路 nim-mcc -> Ephemeral Storage limit is not set
            Resource limits are recommended to avoid resource DDOS. Set resources.limits.ephemeral-storage
        路 nim-cip -> Ephemeral Storage limit is not set
            Resource limits are recommended to avoid resource DDOS. Set resources.limits.ephemeral-storage
        路 nim-nim -> Ephemeral Storage limit is not set
            Resource limits are recommended to avoid resource DDOS. Set resources.limits.ephemeral-storage
        路 nim-h2p -> Ephemeral Storage limit is not set
            Resource limits are recommended to avoid resource DDOS. Set resources.limits.ephemeral-storage
        路 udmenvoy -> Ephemeral Storage limit is not set
            Resource limits are recommended to avoid resource DDOS. Set resources.limits.ephemeral-storage
        路 nim-admin -> Ephemeral Storage limit is not set
            Resource limits are recommended to avoid resource DDOS. Set resources.limits.ephemeral-storage
        路 leader-elector -> Ephemeral Storage limit is not set
            Resource limits are recommended to avoid resource DDOS. Set resources.limits.ephemeral-storage
    [CRITICAL] Container Security Context ReadOnlyRootFilesystem
        路 fluent-bit -> Container has no configured security context
            Set securityContext to run the container in a more secure context.
        路 nim-mcc -> Container has no configured security context
            Set securityContext to run the container in a more secure context.
        路 udmenvoy -> Container has no configured security context
            Set securityContext to run the container in a more secure context.
        路 nim-admin -> Container has no configured security context
            Set securityContext to run the container in a more secure context.
        路 leader-elector -> Container has no configured security context
            Set securityContext to run the container in a more secure context.
    [CRITICAL] Container Security Context User Group ID
        路 fluent-bit -> The container is running with a low user ID
            A userid above 10 000 is recommended to avoid conflicts with the host. Set securityContext.runAsUser to a value > 10000
        路 fluent-bit -> The container running with a low group ID
            A groupid above 10 000 is recommended to avoid conflicts with the host. Set securityContext.runAsGroup to a value > 10000
        路 nim-mcc -> The container is running with a low user ID
            A userid above 10 000 is recommended to avoid conflicts with the host. Set securityContext.runAsUser to a value > 10000
        路 nim-mcc -> The container running with a low group ID
            A groupid above 10 000 is recommended to avoid conflicts with the host. Set securityContext.runAsGroup to a value > 10000
        路 nim-cip -> The container is running with a low user ID
            A userid above 10 000 is recommended to avoid conflicts with the host. Set securityContext.runAsUser to a value > 10000
        路 nim-cip -> The container running with a low group ID
            A groupid above 10 000 is recommended to avoid conflicts with the host. Set securityContext.runAsGroup to a value > 10000
        路 nim-nim -> The container is running with a low user ID
            A userid above 10 000 is recommended to avoid conflicts with the host. Set securityContext.runAsUser to a value > 10000
        路 nim-nim -> The container running with a low group ID
            A groupid above 10 000 is recommended to avoid conflicts with the host. Set securityContext.runAsGroup to a value > 10000
        路 nim-h2p -> The container is running with a low user ID
            A userid above 10 000 is recommended to avoid conflicts with the host. Set securityContext.runAsUser to a value > 10000
        路 nim-h2p -> The container running with a low group ID
            A groupid above 10 000 is recommended to avoid conflicts with the host. Set securityContext.runAsGroup to a value > 10000
        路 udmenvoy -> The container is running with a low user ID
            A userid above 10 000 is recommended to avoid conflicts with the host. Set securityContext.runAsUser to a value > 10000
        路 udmenvoy -> The container running with a low group ID
            A groupid above 10 000 is recommended to avoid conflicts with the host. Set securityContext.runAsGroup to a value > 10000
        路 nim-admin -> The container is running with a low user ID
            A userid above 10 000 is recommended to avoid conflicts with the host. Set securityContext.runAsUser to a value > 10000
        路 nim-admin -> The container running with a low group ID
            A groupid above 10 000 is recommended to avoid conflicts with the host. Set securityContext.runAsGroup to a value > 10000
        路 leader-elector -> The container is running with a low user ID
            A userid above 10 000 is recommended to avoid conflicts with the host. Set securityContext.runAsUser to a value > 10000
        路 leader-elector -> The container running with a low group ID
            A groupid above 10 000 is recommended to avoid conflicts with the host. Set securityContext.runAsGroup to a value > 10000
    [CRITICAL] Deployment has PodDisruptionBudget
        路 No matching PodDisruptionBudget was found
            It's recommended to define a PodDisruptionBudget to avoid unexpected downtime during Kubernetes maintenance operations, such as when draining a node.
apps/v1/Deployment udm2-udmsdm in udm2                                        
    [CRITICAL] Container Image Pull Policy
        路 fluent-bit -> ImagePullPolicy is not set to Always
            It's recommended to always set the ImagePullPolicy to Always, to make sure that the imagePullSecrets are always correct, and to always get the image you want.
        路 sdm-mcc -> ImagePullPolicy is not set to Always
            It's recommended to always set the ImagePullPolicy to Always, to make sure that the imagePullSecrets are always correct, and to always get the image you want.
        路 sdm-cip -> ImagePullPolicy is not set to Always
            It's recommended to always set the ImagePullPolicy to Always, to make sure that the imagePullSecrets are always correct, and to always get the image you want.
        路 sdm-sdm -> ImagePullPolicy is not set to Always
            It's recommended to always set the ImagePullPolicy to Always, to make sure that the imagePullSecrets are always correct, and to always get the image you want.
        路 sdm-h2p -> ImagePullPolicy is not set to Always
            It's recommended to always set the ImagePullPolicy to Always, to make sure that the imagePullSecrets are always correct, and to always get the image you want.
        路 udmenvoy -> ImagePullPolicy is not set to Always
            It's recommended to always set the ImagePullPolicy to Always, to make sure that the imagePullSecrets are always correct, and to always get the image you want.
        路 sdm-admin -> ImagePullPolicy is not set to Always
            It's recommended to always set the ImagePullPolicy to Always, to make sure that the imagePullSecrets are always correct, and to always get the image you want.
    [CRITICAL] Container Ephemeral Storage Request and Limit
        路 fluent-bit -> Ephemeral Storage limit is not set
            Resource limits are recommended to avoid resource DDOS. Set resources.limits.ephemeral-storage
        路 sdm-mcc -> Ephemeral Storage limit is not set
            Resource limits are recommended to avoid resource DDOS. Set resources.limits.ephemeral-storage
        路 sdm-cip -> Ephemeral Storage limit is not set
            Resource limits are recommended to avoid resource DDOS. Set resources.limits.ephemeral-storage
        路 sdm-sdm -> Ephemeral Storage limit is not set
            Resource limits are recommended to avoid resource DDOS. Set resources.limits.ephemeral-storage
        路 sdm-h2p -> Ephemeral Storage limit is not set
            Resource limits are recommended to avoid resource DDOS. Set resources.limits.ephemeral-storage
        路 udmenvoy -> Ephemeral Storage limit is not set
            Resource limits are recommended to avoid resource DDOS. Set resources.limits.ephemeral-storage
        路 sdm-admin -> Ephemeral Storage limit is not set
            Resource limits are recommended to avoid resource DDOS. Set resources.limits.ephemeral-storage
    [CRITICAL] Pod NetworkPolicy
        路 The pod does not have a matching NetworkPolicy
            Create a NetworkPolicy that targets this pod to control who/what can communicate with this pod. Note, this feature needs to be supported by the CNI implementation used in the Kubernetes cluster to have an effect.
    [OK] Pod Probes
        路 Container is missing a livenessProbe
            A livenessProbe can be used to restart the container if it's deadlocked or has crashed without exiting. It's only recommended to setup a livenessProbe if you really need one.
            More information: https://github.com/zegl/kube-score/blob/master/README_PROBES.md
    [CRITICAL] Container Security Context User Group ID
        路 fluent-bit -> The container is running with a low user ID
            A userid above 10 000 is recommended to avoid conflicts with the host. Set securityContext.runAsUser to a value > 10000
        路 fluent-bit -> The container running with a low group ID
            A groupid above 10 000 is recommended to avoid conflicts with the host. Set securityContext.runAsGroup to a value > 10000
        路 sdm-mcc -> The container is running with a low user ID
            A userid above 10 000 is recommended to avoid conflicts with the host. Set securityContext.runAsUser to a value > 10000
        路 sdm-mcc -> The container running with a low group ID
            A groupid above 10 000 is recommended to avoid conflicts with the host. Set securityContext.runAsGroup to a value > 10000
        路 sdm-cip -> The container is running with a low user ID
            A userid above 10 000 is recommended to avoid conflicts with the host. Set securityContext.runAsUser to a value > 10000
        路 sdm-cip -> The container running with a low group ID
            A groupid above 10 000 is recommended to avoid conflicts with the host. Set securityContext.runAsGroup to a value > 10000
        路 sdm-sdm -> The container is running with a low user ID
            A userid above 10 000 is recommended to avoid conflicts with the host. Set securityContext.runAsUser to a value > 10000
        路 sdm-sdm -> The container running with a low group ID
            A groupid above 10 000 is recommended to avoid conflicts with the host. Set securityContext.runAsGroup to a value > 10000
        路 sdm-h2p -> The container is running with a low user ID
            A userid above 10 000 is recommended to avoid conflicts with the host. Set securityContext.runAsUser to a value > 10000
        路 sdm-h2p -> The container running with a low group ID
            A groupid above 10 000 is recommended to avoid conflicts with the host. Set securityContext.runAsGroup to a value > 10000
        路 udmenvoy -> The container is running with a low user ID
            A userid above 10 000 is recommended to avoid conflicts with the host. Set securityContext.runAsUser to a value > 10000
        路 udmenvoy -> The container running with a low group ID
            A groupid above 10 000 is recommended to avoid conflicts with the host. Set securityContext.runAsGroup to a value > 10000
        路 sdm-admin -> The container is running with a low user ID
            A userid above 10 000 is recommended to avoid conflicts with the host. Set securityContext.runAsUser to a value > 10000
        路 sdm-admin -> The container running with a low group ID
            A groupid above 10 000 is recommended to avoid conflicts with the host. Set securityContext.runAsGroup to a value > 10000
    [CRITICAL] Container Security Context ReadOnlyRootFilesystem
        路 fluent-bit -> Container has no configured security context
            Set securityContext to run the container in a more secure context.
        路 sdm-mcc -> Container has no configured security context
            Set securityContext to run the container in a more secure context.
        路 udmenvoy -> Container has no configured security context
            Set securityContext to run the container in a more secure context.
        路 sdm-admin -> Container has no configured security context
            Set securityContext to run the container in a more secure context.
apps/v1/Deployment udm2-udmsim in udm2                                        
    [CRITICAL] Container Security Context User Group ID
        路 fluent-bit -> The container is running with a low user ID
            A userid above 10 000 is recommended to avoid conflicts with the host. Set securityContext.runAsUser to a value > 10000
        路 fluent-bit -> The container running with a low group ID
            A groupid above 10 000 is recommended to avoid conflicts with the host. Set securityContext.runAsGroup to a value > 10000
        路 sim-mcc -> The container is running with a low user ID
            A userid above 10 000 is recommended to avoid conflicts with the host. Set securityContext.runAsUser to a value > 10000
        路 sim-mcc -> The container running with a low group ID
            A groupid above 10 000 is recommended to avoid conflicts with the host. Set securityContext.runAsGroup to a value > 10000
        路 sim-cip -> The container is running with a low user ID
            A userid above 10 000 is recommended to avoid conflicts with the host. Set securityContext.runAsUser to a value > 10000
        路 sim-cip -> The container running with a low group ID
            A groupid above 10 000 is recommended to avoid conflicts with the host. Set securityContext.runAsGroup to a value > 10000
        路 sim-transporter -> The container is running with a low user ID
            A userid above 10 000 is recommended to avoid conflicts with the host. Set securityContext.runAsUser to a value > 10000
        路 sim-transporter -> The container running with a low group ID
            A groupid above 10 000 is recommended to avoid conflicts with the host. Set securityContext.runAsGroup to a value > 10000
        路 sim-xix -> The container is running with a low user ID
            A userid above 10 000 is recommended to avoid conflicts with the host. Set securityContext.runAsUser to a value > 10000
        路 sim-xix -> The container running with a low group ID
            A groupid above 10 000 is recommended to avoid conflicts with the host. Set securityContext.runAsGroup to a value > 10000
        路 udmenvoy -> The container is running with a low user ID
            A userid above 10 000 is recommended to avoid conflicts with the host. Set securityContext.runAsUser to a value > 10000
        路 udmenvoy -> The container running with a low group ID
            A groupid above 10 000 is recommended to avoid conflicts with the host. Set securityContext.runAsGroup to a value > 10000
        路 sim-admin -> The container is running with a low user ID
            A userid above 10 000 is recommended to avoid conflicts with the host. Set securityContext.runAsUser to a value > 10000
        路 sim-admin -> The container running with a low group ID
            A groupid above 10 000 is recommended to avoid conflicts with the host. Set securityContext.runAsGroup to a value > 10000
    [CRITICAL] Container Security Context ReadOnlyRootFilesystem
        路 fluent-bit -> Container has no configured security context
            Set securityContext to run the container in a more secure context.
        路 sim-mcc -> Container has no configured security context
            Set securityContext to run the container in a more secure context.
        路 sim-transporter -> Container has no configured security context
            Set securityContext to run the container in a more secure context.
        路 sim-xix -> Container has no configured security context
            Set securityContext to run the container in a more secure context.
        路 udmenvoy -> Container has no configured security context
            Set securityContext to run the container in a more secure context.
        路 sim-admin -> Container has no configured security context
            Set securityContext to run the container in a more secure context.
    [CRITICAL] Container Image Pull Policy
        路 fluent-bit -> ImagePullPolicy is not set to Always
            It's recommended to always set the ImagePullPolicy to Always, to make sure that the imagePullSecrets are always correct, and to always get the image you want.
        路 sim-mcc -> ImagePullPolicy is not set to Always
            It's recommended to always set the ImagePullPolicy to Always, to make sure that the imagePullSecrets are always correct, and to always get the image you want.
        路 sim-cip -> ImagePullPolicy is not set to Always
            It's recommended to always set the ImagePullPolicy to Always, to make sure that the imagePullSecrets are always correct, and to always get the image you want.
        路 sim-transporter -> ImagePullPolicy is not set to Always
            It's recommended to always set the ImagePullPolicy to Always, to make sure that the imagePullSecrets are always correct, and to always get the image you want.
        路 sim-xix -> ImagePullPolicy is not set to Always
            It's recommended to always set the ImagePullPolicy to Always, to make sure that the imagePullSecrets are always correct, and to always get the image you want.
        路 udmenvoy -> ImagePullPolicy is not set to Always
            It's recommended to always set the ImagePullPolicy to Always, to make sure that the imagePullSecrets are always correct, and to always get the image you want.
        路 sim-admin -> ImagePullPolicy is not set to Always
            It's recommended to always set the ImagePullPolicy to Always, to make sure that the imagePullSecrets are always correct, and to always get the image you want.
    [CRITICAL] Container Ephemeral Storage Request and Limit
        路 fluent-bit -> Ephemeral Storage limit is not set
            Resource limits are recommended to avoid resource DDOS. Set resources.limits.ephemeral-storage
        路 sim-mcc -> Ephemeral Storage limit is not set
            Resource limits are recommended to avoid resource DDOS. Set resources.limits.ephemeral-storage
        路 sim-cip -> Ephemeral Storage limit is not set
            Resource limits are recommended to avoid resource DDOS. Set resources.limits.ephemeral-storage
        路 sim-transporter -> Ephemeral Storage limit is not set
            Resource limits are recommended to avoid resource DDOS. Set resources.limits.ephemeral-storage
        路 sim-xix -> Ephemeral Storage limit is not set
            Resource limits are recommended to avoid resource DDOS. Set resources.limits.ephemeral-storage
        路 udmenvoy -> Ephemeral Storage limit is not set
            Resource limits are recommended to avoid resource DDOS. Set resources.limits.ephemeral-storage
        路 sim-admin -> Ephemeral Storage limit is not set
            Resource limits are recommended to avoid resource DDOS. Set resources.limits.ephemeral-storage
    [CRITICAL] Pod NetworkPolicy
        路 The pod does not have a matching NetworkPolicy
            Create a NetworkPolicy that targets this pod to control who/what can communicate with this pod. Note, this feature needs to be supported by the CNI implementation used in the Kubernetes cluster to have an effect.
    [CRITICAL] Deployment has PodDisruptionBudget
        路 No matching PodDisruptionBudget was found
            It's recommended to define a PodDisruptionBudget to avoid unexpected downtime during Kubernetes maintenance operations, such as when draining a node.
apps/v1/Deployment udm2-udmtrigger in udm2                                    
    [CRITICAL] Container Image Pull Policy
        路 fluent-bit -> ImagePullPolicy is not set to Always
            It's recommended to always set the ImagePullPolicy to Always, to make sure that the imagePullSecrets are always correct, and to always get the image you want.
        路 trigger-mcc -> ImagePullPolicy is not set to Always
            It's recommended to always set the ImagePullPolicy to Always, to make sure that the imagePullSecrets are always correct, and to always get the image you want.
        路 trigger -> ImagePullPolicy is not set to Always
            It's recommended to always set the ImagePullPolicy to Always, to make sure that the imagePullSecrets are always correct, and to always get the image you want.
        路 udmenvoy -> ImagePullPolicy is not set to Always
            It's recommended to always set the ImagePullPolicy to Always, to make sure that the imagePullSecrets are always correct, and to always get the image you want.
        路 trigger-admin -> ImagePullPolicy is not set to Always
            It's recommended to always set the ImagePullPolicy to Always, to make sure that the imagePullSecrets are always correct, and to always get the image you want.
    [CRITICAL] Container Ephemeral Storage Request and Limit
        路 fluent-bit -> Ephemeral Storage limit is not set
            Resource limits are recommended to avoid resource DDOS. Set resources.limits.ephemeral-storage
        路 trigger-mcc -> Ephemeral Storage limit is not set
            Resource limits are recommended to avoid resource DDOS. Set resources.limits.ephemeral-storage
        路 trigger -> Ephemeral Storage limit is not set
            Resource limits are recommended to avoid resource DDOS. Set resources.limits.ephemeral-storage
        路 udmenvoy -> Ephemeral Storage limit is not set
            Resource limits are recommended to avoid resource DDOS. Set resources.limits.ephemeral-storage
        路 trigger-admin -> Ephemeral Storage limit is not set
            Resource limits are recommended to avoid resource DDOS. Set resources.limits.ephemeral-storage
    [CRITICAL] Pod NetworkPolicy
        路 The pod does not have a matching NetworkPolicy
            Create a NetworkPolicy that targets this pod to control who/what can communicate with this pod. Note, this feature needs to be supported by the CNI implementation used in the Kubernetes cluster to have an effect.
    [CRITICAL] Container Security Context User Group ID
        路 fluent-bit -> The container is running with a low user ID
            A userid above 10 000 is recommended to avoid conflicts with the host. Set securityContext.runAsUser to a value > 10000
        路 fluent-bit -> The container running with a low group ID
            A groupid above 10 000 is recommended to avoid conflicts with the host. Set securityContext.runAsGroup to a value > 10000
        路 trigger-mcc -> The container is running with a low user ID
            A userid above 10 000 is recommended to avoid conflicts with the host. Set securityContext.runAsUser to a value > 10000
        路 trigger-mcc -> The container running with a low group ID
            A groupid above 10 000 is recommended to avoid conflicts with the host. Set securityContext.runAsGroup to a value > 10000
        路 trigger -> The container is running with a low user ID
            A userid above 10 000 is recommended to avoid conflicts with the host. Set securityContext.runAsUser to a value > 10000
        路 trigger -> The container running with a low group ID
            A groupid above 10 000 is recommended to avoid conflicts with the host. Set securityContext.runAsGroup to a value > 10000
        路 udmenvoy -> The container is running with a low user ID
            A userid above 10 000 is recommended to avoid conflicts with the host. Set securityContext.runAsUser to a value > 10000
        路 udmenvoy -> The container running with a low group ID
            A groupid above 10 000 is recommended to avoid conflicts with the host. Set securityContext.runAsGroup to a value > 10000
        路 trigger-admin -> The container is running with a low user ID
            A userid above 10 000 is recommended to avoid conflicts with the host. Set securityContext.runAsUser to a value > 10000
        路 trigger-admin -> The container running with a low group ID
            A groupid above 10 000 is recommended to avoid conflicts with the host. Set securityContext.runAsGroup to a value > 10000
    [CRITICAL] Container Security Context ReadOnlyRootFilesystem
        路 fluent-bit -> Container has no configured security context
            Set securityContext to run the container in a more secure context.
        路 trigger-mcc -> Container has no configured security context
            Set securityContext to run the container in a more secure context.
        路 trigger -> Container has no configured security context
            Set securityContext to run the container in a more secure context.
        路 udmenvoy -> Container has no configured security context
            Set securityContext to run the container in a more secure context.
        路 trigger-admin -> Container has no configured security context
            Set securityContext to run the container in a more secure context.
    [CRITICAL] Deployment has PodDisruptionBudget
        路 No matching PodDisruptionBudget was found
            It's recommended to define a PodDisruptionBudget to avoid unexpected downtime during Kubernetes maintenance operations, such as when draining a node.
apps/v1/Deployment udm2-udmueau in udm2                                       
    [CRITICAL] Container Image Pull Policy
        路 fluent-bit -> ImagePullPolicy is not set to Always
            It's recommended to always set the ImagePullPolicy to Always, to make sure that the imagePullSecrets are always correct, and to always get the image you want.
        路 ueauthn-mcc -> ImagePullPolicy is not set to Always
            It's recommended to always set the ImagePullPolicy to Always, to make sure that the imagePullSecrets are always correct, and to always get the image you want.
        路 ueauth-cip -> ImagePullPolicy is not set to Always
            It's recommended to always set the ImagePullPolicy to Always, to make sure that the imagePullSecrets are always correct, and to always get the image you want.
        路 ueauth-ueauth -> ImagePullPolicy is not set to Always
            It's recommended to always set the ImagePullPolicy to Always, to make sure that the imagePullSecrets are always correct, and to always get the image you want.
        路 ueauthn-h2p -> ImagePullPolicy is not set to Always
            It's recommended to always set the ImagePullPolicy to Always, to make sure that the imagePullSecrets are always correct, and to always get the image you want.
        路 udmenvoy -> ImagePullPolicy is not set to Always
            It's recommended to always set the ImagePullPolicy to Always, to make sure that the imagePullSecrets are always correct, and to always get the image you want.
        路 ueauthn-admin -> ImagePullPolicy is not set to Always
            It's recommended to always set the ImagePullPolicy to Always, to make sure that the imagePullSecrets are always correct, and to always get the image you want.
    [CRITICAL] Container Ephemeral Storage Request and Limit
        路 fluent-bit -> Ephemeral Storage limit is not set
            Resource limits are recommended to avoid resource DDOS. Set resources.limits.ephemeral-storage
        路 ueauthn-mcc -> Ephemeral Storage limit is not set
            Resource limits are recommended to avoid resource DDOS. Set resources.limits.ephemeral-storage
        路 ueauth-cip -> Ephemeral Storage limit is not set
            Resource limits are recommended to avoid resource DDOS. Set resources.limits.ephemeral-storage
        路 ueauth-ueauth -> Ephemeral Storage limit is not set
            Resource limits are recommended to avoid resource DDOS. Set resources.limits.ephemeral-storage
        路 ueauthn-h2p -> Ephemeral Storage limit is not set
            Resource limits are recommended to avoid resource DDOS. Set resources.limits.ephemeral-storage
        路 udmenvoy -> Ephemeral Storage limit is not set
            Resource limits are recommended to avoid resource DDOS. Set resources.limits.ephemeral-storage
        路 ueauthn-admin -> Ephemeral Storage limit is not set
            Resource limits are recommended to avoid resource DDOS. Set resources.limits.ephemeral-storage
    [CRITICAL] Pod NetworkPolicy
        路 The pod does not have a matching NetworkPolicy
            Create a NetworkPolicy that targets this pod to control who/what can communicate with this pod. Note, this feature needs to be supported by the CNI implementation used in the Kubernetes cluster to have an effect.
    [CRITICAL] Container Security Context User Group ID
        路 fluent-bit -> The container is running with a low user ID
            A userid above 10 000 is recommended to avoid conflicts with the host. Set securityContext.runAsUser to a value > 10000
        路 fluent-bit -> The container running with a low group ID
            A groupid above 10 000 is recommended to avoid conflicts with the host. Set securityContext.runAsGroup to a value > 10000
        路 ueauthn-mcc -> The container is running with a low user ID
            A userid above 10 000 is recommended to avoid conflicts with the host. Set securityContext.runAsUser to a value > 10000
        路 ueauthn-mcc -> The container running with a low group ID
            A groupid above 10 000 is recommended to avoid conflicts with the host. Set securityContext.runAsGroup to a value > 10000
        路 ueauth-cip -> The container is running with a low user ID
            A userid above 10 000 is recommended to avoid conflicts with the host. Set securityContext.runAsUser to a value > 10000
        路 ueauth-cip -> The container running with a low group ID
            A groupid above 10 000 is recommended to avoid conflicts with the host. Set securityContext.runAsGroup to a value > 10000
        路 ueauth-ueauth -> The container is running with a low user ID
            A userid above 10 000 is recommended to avoid conflicts with the host. Set securityContext.runAsUser to a value > 10000
        路 ueauth-ueauth -> The container running with a low group ID
            A groupid above 10 000 is recommended to avoid conflicts with the host. Set securityContext.runAsGroup to a value > 10000
        路 ueauthn-h2p -> The container is running with a low user ID
            A userid above 10 000 is recommended to avoid conflicts with the host. Set securityContext.runAsUser to a value > 10000
        路 ueauthn-h2p -> The container running with a low group ID
            A groupid above 10 000 is recommended to avoid conflicts with the host. Set securityContext.runAsGroup to a value > 10000
        路 udmenvoy -> The container is running with a low user ID
            A userid above 10 000 is recommended to avoid conflicts with the host. Set securityContext.runAsUser to a value > 10000
        路 udmenvoy -> The container running with a low group ID
            A groupid above 10 000 is recommended to avoid conflicts with the host. Set securityContext.runAsGroup to a value > 10000
        路 ueauthn-admin -> The container is running with a low user ID
            A userid above 10 000 is recommended to avoid conflicts with the host. Set securityContext.runAsUser to a value > 10000
        路 ueauthn-admin -> The container running with a low group ID
            A groupid above 10 000 is recommended to avoid conflicts with the host. Set securityContext.runAsGroup to a value > 10000
    [CRITICAL] Container Security Context ReadOnlyRootFilesystem
        路 fluent-bit -> Container has no configured security context
            Set securityContext to run the container in a more secure context.
        路 ueauthn-mcc -> Container has no configured security context
            Set securityContext to run the container in a more secure context.
        路 udmenvoy -> Container has no configured security context
            Set securityContext to run the container in a more secure context.
        路 ueauthn-admin -> Container has no configured security context
            Set securityContext to run the container in a more secure context.
apps/v1/Deployment udm2-udmuecm in udm2                                       
    [OK] Pod Probes
        路 Container is missing a livenessProbe
            A livenessProbe can be used to restart the container if it's deadlocked or has crashed without exiting. It's only recommended to setup a livenessProbe if you really need one.
            More information: https://github.com/zegl/kube-score/blob/master/README_PROBES.md
    [CRITICAL] Container Security Context User Group ID
        路 fluent-bit -> The container is running with a low user ID
            A userid above 10 000 is recommended to avoid conflicts with the host. Set securityContext.runAsUser to a value > 10000
        路 fluent-bit -> The container running with a low group ID
            A groupid above 10 000 is recommended to avoid conflicts with the host. Set securityContext.runAsGroup to a value > 10000
        路 uecm-mcc -> The container is running with a low user ID
            A userid above 10 000 is recommended to avoid conflicts with the host. Set securityContext.runAsUser to a value > 10000
        路 uecm-mcc -> The container running with a low group ID
            A groupid above 10 000 is recommended to avoid conflicts with the host. Set securityContext.runAsGroup to a value > 10000
        路 uecm-cip -> The container is running with a low user ID
            A userid above 10 000 is recommended to avoid conflicts with the host. Set securityContext.runAsUser to a value > 10000
        路 uecm-cip -> The container running with a low group ID
            A groupid above 10 000 is recommended to avoid conflicts with the host. Set securityContext.runAsGroup to a value > 10000
        路 uecm-uecm -> The container is running with a low user ID
            A userid above 10 000 is recommended to avoid conflicts with the host. Set securityContext.runAsUser to a value > 10000
        路 uecm-uecm -> The container running with a low group ID
            A groupid above 10 000 is recommended to avoid conflicts with the host. Set securityContext.runAsGroup to a value > 10000
        路 uecm-h2p -> The container is running with a low user ID
            A userid above 10 000 is recommended to avoid conflicts with the host. Set securityContext.runAsUser to a value > 10000
        路 uecm-h2p -> The container running with a low group ID
            A groupid above 10 000 is recommended to avoid conflicts with the host. Set securityContext.runAsGroup to a value > 10000
        路 udmenvoy -> The container is running with a low user ID
            A userid above 10 000 is recommended to avoid conflicts with the host. Set securityContext.runAsUser to a value > 10000
        路 udmenvoy -> The container running with a low group ID
            A groupid above 10 000 is recommended to avoid conflicts with the host. Set securityContext.runAsGroup to a value > 10000
        路 uecm-admin -> The container is running with a low user ID
            A userid above 10 000 is recommended to avoid conflicts with the host. Set securityContext.runAsUser to a value > 10000
        路 uecm-admin -> The container running with a low group ID
            A groupid above 10 000 is recommended to avoid conflicts with the host. Set securityContext.runAsGroup to a value > 10000
    [CRITICAL] Container Security Context ReadOnlyRootFilesystem
        路 fluent-bit -> Container has no configured security context
            Set securityContext to run the container in a more secure context.
        路 uecm-mcc -> Container has no configured security context
            Set securityContext to run the container in a more secure context.
        路 udmenvoy -> Container has no configured security context
            Set securityContext to run the container in a more secure context.
        路 uecm-admin -> Container has no configured security context
            Set securityContext to run the container in a more secure context.
    [CRITICAL] Container Image Pull Policy
        路 fluent-bit -> ImagePullPolicy is not set to Always
            It's recommended to always set the ImagePullPolicy to Always, to make sure that the imagePullSecrets are always correct, and to always get the image you want.
        路 uecm-mcc -> ImagePullPolicy is not set to Always
            It's recommended to always set the ImagePullPolicy to Always, to make sure that the imagePullSecrets are always correct, and to always get the image you want.
        路 uecm-cip -> ImagePullPolicy is not set to Always
            It's recommended to always set the ImagePullPolicy to Always, to make sure that the imagePullSecrets are always correct, and to always get the image you want.
        路 uecm-uecm -> ImagePullPolicy is not set to Always
            It's recommended to always set the ImagePullPolicy to Always, to make sure that the imagePullSecrets are always correct, and to always get the image you want.
        路 uecm-h2p -> ImagePullPolicy is not set to Always
            It's recommended to always set the ImagePullPolicy to Always, to make sure that the imagePullSecrets are always correct, and to always get the image you want.
        路 udmenvoy -> ImagePullPolicy is not set to Always
            It's recommended to always set the ImagePullPolicy to Always, to make sure that the imagePullSecrets are always correct, and to always get the image you want.
        路 uecm-admin -> ImagePullPolicy is not set to Always
            It's recommended to always set the ImagePullPolicy to Always, to make sure that the imagePullSecrets are always correct, and to always get the image you want.
    [CRITICAL] Container Ephemeral Storage Request and Limit
        路 fluent-bit -> Ephemeral Storage limit is not set
            Resource limits are recommended to avoid resource DDOS. Set resources.limits.ephemeral-storage
        路 uecm-mcc -> Ephemeral Storage limit is not set
            Resource limits are recommended to avoid resource DDOS. Set resources.limits.ephemeral-storage
        路 uecm-cip -> Ephemeral Storage limit is not set
            Resource limits are recommended to avoid resource DDOS. Set resources.limits.ephemeral-storage
        路 uecm-uecm -> Ephemeral Storage limit is not set
            Resource limits are recommended to avoid resource DDOS. Set resources.limits.ephemeral-storage
        路 uecm-h2p -> Ephemeral Storage limit is not set
            Resource limits are recommended to avoid resource DDOS. Set resources.limits.ephemeral-storage
        路 udmenvoy -> Ephemeral Storage limit is not set
            Resource limits are recommended to avoid resource DDOS. Set resources.limits.ephemeral-storage
        路 uecm-admin -> Ephemeral Storage limit is not set
            Resource limits are recommended to avoid resource DDOS. Set resources.limits.ephemeral-storage
    [CRITICAL] Pod NetworkPolicy
        路 The pod does not have a matching NetworkPolicy
            Create a NetworkPolicy that targets this pod to control who/what can communicate with this pod. Note, this feature needs to be supported by the CNI implementation used in the Kubernetes cluster to have an effect.
apps/v1/Deployment udm2-vnfclusterenvoylb in udm2                             
    [CRITICAL] Container Image Pull Policy
        路 fluent-bit -> ImagePullPolicy is not set to Always
            It's recommended to always set the ImagePullPolicy to Always, to make sure that the imagePullSecrets are always correct, and to always get the image you want.
        路 vnfenvoylb -> ImagePullPolicy is not set to Always
            It's recommended to always set the ImagePullPolicy to Always, to make sure that the imagePullSecrets are always correct, and to always get the image you want.
    [CRITICAL] Container Ephemeral Storage Request and Limit
        路 fluent-bit -> Ephemeral Storage limit is not set
            Resource limits are recommended to avoid resource DDOS. Set resources.limits.ephemeral-storage
        路 vnfenvoylb -> Ephemeral Storage limit is not set
            Resource limits are recommended to avoid resource DDOS. Set resources.limits.ephemeral-storage
    [CRITICAL] Pod NetworkPolicy
        路 The pod does not have a matching NetworkPolicy
            Create a NetworkPolicy that targets this pod to control who/what can communicate with this pod. Note, this feature needs to be supported by the CNI implementation used in the Kubernetes cluster to have an effect.
    [OK] Pod Probes
        路 Container is missing a livenessProbe
            A livenessProbe can be used to restart the container if it's deadlocked or has crashed without exiting. It's only recommended to setup a livenessProbe if you really need one.
            More information: https://github.com/zegl/kube-score/blob/master/README_PROBES.md
    [CRITICAL] Container Security Context User Group ID
        路 fluent-bit -> The container is running with a low user ID
            A userid above 10 000 is recommended to avoid conflicts with the host. Set securityContext.runAsUser to a value > 10000
        路 fluent-bit -> The container running with a low group ID
            A groupid above 10 000 is recommended to avoid conflicts with the host. Set securityContext.runAsGroup to a value > 10000
        路 vnfenvoylb -> The container is running with a low user ID
            A userid above 10 000 is recommended to avoid conflicts with the host. Set securityContext.runAsUser to a value > 10000
        路 vnfenvoylb -> The container running with a low group ID
            A groupid above 10 000 is recommended to avoid conflicts with the host. Set securityContext.runAsGroup to a value > 10000
    [CRITICAL] Container Security Context ReadOnlyRootFilesystem
        路 fluent-bit -> Container has no configured security context
            Set securityContext to run the container in a more secure context.
        路 vnfenvoylb -> Container has no configured security context
            Set securityContext to run the container in a more secure context.
    [CRITICAL] Deployment has PodDisruptionBudget
        路 No matching PodDisruptionBudget was found
            It's recommended to define a PodDisruptionBudget to avoid unexpected downtime during Kubernetes maintenance operations, such as when draining a node.
policy/v1/PodDisruptionBudget udm2-ausfauth                                   
policy/v1/PodDisruptionBudget udm2-ccasapache                                 
policy/v1/PodDisruptionBudget udm2-clustermonitoragent                        
policy/v1/PodDisruptionBudget udm2-http2lb                                    
policy/v1/PodDisruptionBudget udm2-udmarpf                                    
policy/v1/PodDisruptionBudget udm2-udmee                                      
policy/v1/PodDisruptionBudget udm2-udmmt                                      
policy/v1/PodDisruptionBudget udm2-udmnim                                     
policy/v1/PodDisruptionBudget udm2-udmsdm                                     
policy/v1/PodDisruptionBudget udm2-udmsim                                     
policy/v1/PodDisruptionBudget udm2-udmtrigger                                 
policy/v1/PodDisruptionBudget udm2-udmueau                                    
policy/v1/PodDisruptionBudget udm2-udmuecm                                    
policy/v1/PodDisruptionBudget udm2-vnfclusterenvoylb                          
v1/Service http2lb                                                            
v1/Service lag                                                                
    [CRITICAL] Service Targets Pod
        路 The services selector does not match any pods
v1/Service nausf-auth                                                         
    [CRITICAL] Service Targets Pod
        路 The services selector does not match any pods
v1/Service nim                                                                
    [CRITICAL] Service Targets Pod
        路 The services selector does not match any pods
v1/Service nudm-ee                                                            
    [CRITICAL] Service Targets Pod
        路 The services selector does not match any pods
v1/Service nudm-ueau                                                          
    [CRITICAL] Service Targets Pod
        路 The services selector does not match any pods
v1/Service sim                                                                
    [CRITICAL] Service Targets Pod
        路 The services selector does not match any pods
v1/Service trigger                                                            
    [CRITICAL] Service Targets Pod
        路 The services selector does not match any pods
v1/Service udm2-ccasapache                                                    
v1/Service arpf in udm2                                                       
v1/Service nudm-mt in udm2                                                    
v1/Service nudm-sdm in udm2                                                   
v1/Service nudm-uecm in udm2                                                  
v1/Service vnfclusterenvoylb-service in udm2                                  
apps/v1/StatefulSet udm2-ccasapache                                           
    [OK] Pod Probes
        路 Container is missing a livenessProbe
            A livenessProbe can be used to restart the container if it's deadlocked or has crashed without exiting. It's only recommended to setup a livenessProbe if you really need one.
            More information: https://github.com/zegl/kube-score/blob/master/README_PROBES.md
    [CRITICAL] Container Security Context User Group ID
        路 udm2-ccasapache-config -> The container is running with a low user ID
            A userid above 10 000 is recommended to avoid conflicts with the host. Set securityContext.runAsUser to a value > 10000
        路 udm2-ccasapache-config -> The container running with a low group ID
            A groupid above 10 000 is recommended to avoid conflicts with the host. Set securityContext.runAsGroup to a value > 10000
        路 udm2-ccasapache -> The container is running with a low user ID
            A userid above 10 000 is recommended to avoid conflicts with the host. Set securityContext.runAsUser to a value > 10000
        路 udm2-ccasapache -> The container running with a low group ID
            A groupid above 10 000 is recommended to avoid conflicts with the host. Set securityContext.runAsGroup to a value > 10000
        路 udmenvoy -> The container is running with a low user ID
            A userid above 10 000 is recommended to avoid conflicts with the host. Set securityContext.runAsUser to a value > 10000
        路 udmenvoy -> The container running with a low group ID
            A groupid above 10 000 is recommended to avoid conflicts with the host. Set securityContext.runAsGroup to a value > 10000
        路 fluent-bit -> The container is running with a low user ID
            A userid above 10 000 is recommended to avoid conflicts with the host. Set securityContext.runAsUser to a value > 10000
        路 fluent-bit -> The container running with a low group ID
            A groupid above 10 000 is recommended to avoid conflicts with the host. Set securityContext.runAsGroup to a value > 10000
    [CRITICAL] Container Security Context ReadOnlyRootFilesystem
        路 udm2-ccasapache-config -> Container has no configured security context
            Set securityContext to run the container in a more secure context.
        路 udm2-ccasapache -> Container has no configured security context
            Set securityContext to run the container in a more secure context.
        路 udmenvoy -> Container has no configured security context
            Set securityContext to run the container in a more secure context.
        路 fluent-bit -> Container has no configured security context
            Set securityContext to run the container in a more secure context.
    [CRITICAL] Container Image Pull Policy
        路 udm2-ccasapache-config -> ImagePullPolicy is not set to Always
            It's recommended to always set the ImagePullPolicy to Always, to make sure that the imagePullSecrets are always correct, and to always get the image you want.
        路 udm2-ccasapache -> ImagePullPolicy is not set to Always
            It's recommended to always set the ImagePullPolicy to Always, to make sure that the imagePullSecrets are always correct, and to always get the image you want.
        路 udmenvoy -> ImagePullPolicy is not set to Always
            It's recommended to always set the ImagePullPolicy to Always, to make sure that the imagePullSecrets are always correct, and to always get the image you want.
        路 fluent-bit -> ImagePullPolicy is not set to Always
            It's recommended to always set the ImagePullPolicy to Always, to make sure that the imagePullSecrets are always correct, and to always get the image you want.
    [CRITICAL] Container Ephemeral Storage Request and Limit
        路 udm2-ccasapache-config -> Ephemeral Storage limit is not set
            Resource limits are recommended to avoid resource DDOS. Set resources.limits.ephemeral-storage
        路 udm2-ccasapache -> Ephemeral Storage limit is not set
            Resource limits are recommended to avoid resource DDOS. Set resources.limits.ephemeral-storage
        路 udmenvoy -> Ephemeral Storage limit is not set
            Resource limits are recommended to avoid resource DDOS. Set resources.limits.ephemeral-storage
        路 fluent-bit -> Ephemeral Storage limit is not set
            Resource limits are recommended to avoid resource DDOS. Set resources.limits.ephemeral-storage
    [CRITICAL] Pod NetworkPolicy
        路 The pod does not have a matching NetworkPolicy
            Create a NetworkPolicy that targets this pod to control who/what can communicate with this pod. Note, this feature needs to be supported by the CNI implementation used in the Kubernetes cluster to have an effect.
    [WARNING] StatefulSet has host PodAntiAffinity
        路 StatefulSet does not have a host podAntiAffinity set
            It's recommended to set a podAntiAffinity that stops multiple pods from a statefulset from being scheduled on the same node. This increases availability in case the node becomes unavailable.
    [CRITICAL] StatefulSet has ServiceName
        路 StatefulSet does not have a valid serviceName
            StatefulSets currently require a Headless Service to be responsible for the network identity of the Pods. You are responsible for creating this Service. https://kubernetes.io/docs/concepts/workloads/controllers/statefulset/#limitations
